<?xml version="1.0" encoding="UTF-8" ?>
<testsuites errors="0"
            failures="2"
            tests="1">

  <testsuite name="nightwatch.searchTests"
    errors="0" failures="2" hostname="" id="" package="nightwatch" skipped="0"
    tests="1" time="53.62" timestamp="">
  
    <testcase name="Search for &#34;dress&#34; and Ensure All Results Are Dresses" classname="nightwatch.searchTests" time="26.81" assertions="8">

    

    

    

    

    

      <failure message="Testing if attribute &#39;title&#39; of element &lt;#product_list &gt; li:nth-child(6) &gt; div &gt; div.right-block &gt; h5 &gt; a&gt; contains &#39;Dress&#39; in 5000ms - expected &#34;contains &#39;Dress&#39;&#34; but got: &#34;Faded Short Sleeves T-shirt&#34; (5235ms)">    at NightwatchAPI.&lt;anonymous&gt; (/Users/nahlaahmed/Siemens-Task/pages/homePage.js:20:33)</failure>

      <failure message="Testing if attribute &#39;title&#39; of element &lt;#product_list &gt; li:nth-child(7) &gt; div &gt; div.right-block &gt; h5 &gt; a&gt; contains &#39;Dress&#39; in 5000ms - expected &#34;contains &#39;Dress&#39;&#34; but got: &#34;Blouse&#34; (5193ms)">    at NightwatchAPI.&lt;anonymous&gt; (/Users/nahlaahmed/Siemens-Task/pages/homePage.js:20:33)</failure>

    
    </testcase>
  

  

    

  
  </testsuite>
</testsuites>
